CalendarLibrary/build/outputs/logs/manifest-merger-debug-report.txt
-- Merging decision tree log ---
manifest
ADDED from socialsportz\CalendarLibrary\AndroidManifest.xml:1:1-3:12
INJECTED from socialsportz\CalendarLibrary\AndroidManifest.xml:1:1-3:12
INJECTED from socialsportz\CalendarLibrary\AndroidManifest.xml:1:1-3:12
	package
		ADDED from socialsportz\CalendarLibrary\AndroidManifest.xml:1:11-46
		INJECTED from socialsportz\CalendarLibrary\AndroidManifest.xml
		INJECTED from socialsportz\CalendarLibrary\AndroidManifest.xml